Using pre-set license
Built from '2020.3/staging' branch; Version is '2020.3.11f1 (99c7afb366b3) revision 10078127'; Using compiler version '192528614'; Build Type 'Release'
OS: 'Windows 10 Education; OS build 18363.1734; Version 1909; 64bit' Language: 'ja' Physical Memory: 3988 MB
BatchMode: 1, IsHumanControllingUs: 0, StartBugReporterOnCrash: 0, Is64bit: 1, IsPro: 0

 COMMAND LINE ARGUMENTS:
C:\Program Files\Unity\Hub\Editor\2020.3.11f1\Editor\Unity.exe
-adb2
-batchMode
-noUpm
-name
AssetImportWorker100
-projectPath
C:/Unity/Data-Persistence-Project
-logFile
Logs/AssetImportWorker100.log
-srvPort
60037
Successfully changed project path to: C:/Unity/Data-Persistence-Project
C:/Unity/Data-Persistence-Project
Using Asset Import Pipeline V2.
Refreshing native plugins compatible for Editor in 68.34 ms, found 2 plugins.
Preloading 0 native plugins for Editor in 0.00 ms.
Initialize engine version: 2020.3.11f1 (99c7afb366b3)
[Subsystems] Discovering subsystems at path C:/Program Files/Unity/Hub/Editor/2020.3.11f1/Editor/Data/Resources/UnitySubsystems
[Subsystems] Discovering subsystems at path C:/Unity/Data-Persistence-Project/Assets
GfxDevice: creating device client; threaded=0
Direct3D:
    Version:  Direct3D 11.0 [level 11.1]
    Renderer: Intel(R) HD Graphics 620 (ID=0x5916)
    Vendor:   
    VRAM:     1994 MB
    Driver:   27.20.100.9416
Shader 'Universal Render Pipeline/Particles/Lit': fallback shader 'Universal Render Pipeline/Particles/SimpleLit' not found
Initialize mono
Mono path[0] = 'C:/Program Files/Unity/Hub/Editor/2020.3.11f1/Editor/Data/Managed'
Mono path[1] = 'C:/Program Files/Unity/Hub/Editor/2020.3.11f1/Editor/Data/MonoBleedingEdge/lib/mono/unityjit'
Mono config path = 'C:/Program Files/Unity/Hub/Editor/2020.3.11f1/Editor/Data/MonoBleedingEdge/etc'
Using monoOptions --debugger-agent=transport=dt_socket,embedding=1,server=y,suspend=n,address=127.0.0.1:56684
Begin MonoManager ReloadAssembly
Registering precompiled unity dll's ...
Register platform support module: C:/Program Files/Unity/Hub/Editor/2020.3.11f1/Editor/Data/PlaybackEngines/WebGLSupport/UnityEditor.WebGL.Extensions.dll
Register platform support module: C:/Program Files/Unity/Hub/Editor/2020.3.11f1/Editor/Data/PlaybackEngines/WindowsStandaloneSupport/UnityEditor.WindowsStandalone.Extensions.dll
Registered in 0.004429 seconds.
Native extension for WindowsStandalone target not found
Native extension for WebGL target not found
Refreshing native plugins compatible for Editor in 97.09 ms, found 2 plugins.
Preloading 0 native plugins for Editor in 0.00 ms.
Mono: successfully reloaded assembly
- Completed reload, in  4.118 seconds
Platform modules already initialized, skipping
Registering precompiled user dll's ...
Registered in 0.015083 seconds.
Begin MonoManager ReloadAssembly
Native extension for WindowsStandalone target not found
Native extension for WebGL target not found
Refreshing native plugins compatible for Editor in 182.08 ms, found 2 plugins.
Preloading 0 native plugins for Editor in 0.00 ms.
Mono: successfully reloaded assembly
- Completed reload, in  6.662 seconds
Platform modules already initialized, skipping
========================================================================
Worker process is ready to serve import requests
Shader 'Universal Render Pipeline/Particles/Lit': fallback shader 'Universal Render Pipeline/Particles/SimpleLit' not found
Launched and connected shader compiler UnityShaderCompiler.exe after 2.02 seconds
Refreshing native plugins compatible for Editor in 1.22 ms, found 2 plugins.
Preloading 0 native plugins for Editor in 0.00 ms.
Unloading 2709 Unused Serialized files (Serialized files now loaded: 0)
System memory in use before: 129.2 MB.
System memory in use after: 129.4 MB.

Unloading 19 unused Assets to reduce memory usage. Loaded Objects now: 3142.
Total: 867.065000 ms (FindLiveObjects: 0.592700 ms CreateObjectMapping: 0.236700 ms MarkObjects: 749.620000 ms  DeleteObjects: 116.612700 ms)

========================================================================
Received Import Request.
  path: Assets/Scripts/MenuUI.cs
  artifactKey: Guid(7c49855483e2a984e8013c78e0a0d8fb) Importer(815301076,1909f56bfc062723c751e8b465ee728b)
Start importing Assets/Scripts/MenuUI.cs using Guid(7c49855483e2a984e8013c78e0a0d8fb) Importer(815301076,1909f56bfc062723c751e8b465ee728b)  -> (artifact id: '06da964e284ae9580c9c021a1153c93a') in 2.089573 seconds
  Import took 2.345349 seconds .

========================================================================
Received Import Request.
  Time since last request: 0.450584 seconds.
  path: Assets/Scripts/MainManagerX.cs
  artifactKey: Guid(45173930133281d4c822487fa37b04c5) Importer(815301076,1909f56bfc062723c751e8b465ee728b)
Start importing Assets/Scripts/MainManagerX.cs using Guid(45173930133281d4c822487fa37b04c5) Importer(815301076,1909f56bfc062723c751e8b465ee728b)  -> (artifact id: '8591b2fdb8eee02dd380d4862c4ba856') in 0.052787 seconds
  Import took 0.186365 seconds .

========================================================================
Received Prepare
Shader 'Universal Render Pipeline/Particles/Lit': fallback shader 'Universal Render Pipeline/Particles/SimpleLit' not found
Refreshing native plugins compatible for Editor in 144.08 ms, found 2 plugins.
Preloading 0 native plugins for Editor in 0.00 ms.
Unloading 12 Unused Serialized files (Serialized files now loaded: 0)
System memory in use before: 69.9 MB.
System memory in use after: 70.1 MB.

Unloading 12 unused Assets to reduce memory usage. Loaded Objects now: 3142.
Total: 3474.531800 ms (FindLiveObjects: 37.931800 ms CreateObjectMapping: 0.481800 ms MarkObjects: 3430.827200 ms  DeleteObjects: 5.283800 ms)

========================================================================
Received Prepare
Registering precompiled user dll's ...
Registered in 0.383493 seconds.
Begin MonoManager ReloadAssembly
Native extension for WindowsStandalone target not found
Native extension for WebGL target not found
Refreshing native plugins compatible for Editor in 1.45 ms, found 2 plugins.
Preloading 0 native plugins for Editor in 0.00 ms.
Mono: successfully reloaded assembly
- Completed reload, in 28.886 seconds
Platform modules already initialized, skipping
Shader 'Universal Render Pipeline/Particles/Lit': fallback shader 'Universal Render Pipeline/Particles/SimpleLit' not found
Refreshing native plugins compatible for Editor in 2.17 ms, found 2 plugins.
Preloading 0 native plugins for Editor in 0.00 ms.
Unloading 2587 Unused Serialized files (Serialized files now loaded: 0)
System memory in use before: 120.9 MB.
System memory in use after: 121.1 MB.

Unloading 14 unused Assets to reduce memory usage. Loaded Objects now: 3145.
Total: 14.623900 ms (FindLiveObjects: 2.488300 ms CreateObjectMapping: 0.870600 ms MarkObjects: 11.191000 ms  DeleteObjects: 0.069900 ms)

========================================================================
Received Import Request.
  Time since last request: 2533.008540 seconds.
  path: Assets/Scripts/MainManagerX.cs
  artifactKey: Guid(45173930133281d4c822487fa37b04c5) Importer(815301076,1909f56bfc062723c751e8b465ee728b)
Start importing Assets/Scripts/MainManagerX.cs using Guid(45173930133281d4c822487fa37b04c5) Importer(815301076,1909f56bfc062723c751e8b465ee728b)  -> (artifact id: '253df5e7bc93dbb0815e1a3cf06501f6') in 0.430629 seconds
  Import took 0.831403 seconds .

========================================================================
Received Prepare
Registering precompiled user dll's ...
Registered in 0.380955 seconds.
Begin MonoManager ReloadAssembly
Native extension for WindowsStandalone target not found
Native extension for WebGL target not found
Refreshing native plugins compatible for Editor in 3.04 ms, found 2 plugins.
Preloading 0 native plugins for Editor in 0.00 ms.
Mono: successfully reloaded assembly
- Completed reload, in 30.877 seconds
Platform modules already initialized, skipping
Shader 'Universal Render Pipeline/Particles/Lit': fallback shader 'Universal Render Pipeline/Particles/SimpleLit' not found
Refreshing native plugins compatible for Editor in 2.73 ms, found 2 plugins.
Preloading 0 native plugins for Editor in 0.00 ms.
Unloading 2587 Unused Serialized files (Serialized files now loaded: 0)
System memory in use before: 121.0 MB.
System memory in use after: 121.2 MB.

Unloading 14 unused Assets to reduce memory usage. Loaded Objects now: 3148.
Total: 25.355000 ms (FindLiveObjects: 0.887500 ms CreateObjectMapping: 0.456800 ms MarkObjects: 8.123400 ms  DeleteObjects: 15.881000 ms)

========================================================================
Received Prepare
Registering precompiled user dll's ...
Registered in 2.462784 seconds.
Begin MonoManager ReloadAssembly
Native extension for WindowsStandalone target not found
Native extension for WebGL target not found
Refreshing native plugins compatible for Editor in 2.24 ms, found 2 plugins.
Preloading 0 native plugins for Editor in 0.00 ms.
Mono: successfully reloaded assembly
- Completed reload, in 19.713 seconds
Platform modules already initialized, skipping
Shader 'Universal Render Pipeline/Particles/Lit': fallback shader 'Universal Render Pipeline/Particles/SimpleLit' not found
Refreshing native plugins compatible for Editor in 1.16 ms, found 2 plugins.
Preloading 0 native plugins for Editor in 0.00 ms.
Unloading 2587 Unused Serialized files (Serialized files now loaded: 0)
System memory in use before: 121.0 MB.
System memory in use after: 121.2 MB.

Unloading 14 unused Assets to reduce memory usage. Loaded Objects now: 3151.
Total: 23.866700 ms (FindLiveObjects: 2.724400 ms CreateObjectMapping: 2.985500 ms MarkObjects: 17.917800 ms  DeleteObjects: 0.232800 ms)

========================================================================
Received Prepare
Registering precompiled user dll's ...
Registered in 1.326749 seconds.
Begin MonoManager ReloadAssembly
Native extension for WindowsStandalone target not found
Native extension for WebGL target not found
Refreshing native plugins compatible for Editor in 178.31 ms, found 2 plugins.
Preloading 0 native plugins for Editor in 0.00 ms.
Mono: successfully reloaded assembly
- Completed reload, in 76.160 seconds
Platform modules already initialized, skipping
Shader 'Universal Render Pipeline/Particles/Lit': fallback shader 'Universal Render Pipeline/Particles/SimpleLit' not found
Refreshing native plugins compatible for Editor in 0.73 ms, found 2 plugins.
Preloading 0 native plugins for Editor in 0.00 ms.
Unloading 2587 Unused Serialized files (Serialized files now loaded: 0)
System memory in use before: 119.4 MB.
System memory in use after: 119.6 MB.

Unloading 14 unused Assets to reduce memory usage. Loaded Objects now: 3154.
Total: 85.201300 ms (FindLiveObjects: 0.445200 ms CreateObjectMapping: 0.183300 ms MarkObjects: 84.481500 ms  DeleteObjects: 0.088500 ms)

========================================================================
Received Prepare
Shader 'Universal Render Pipeline/Particles/Lit': fallback shader 'Universal Render Pipeline/Particles/SimpleLit' not found
Refreshing native plugins compatible for Editor in 1231.77 ms, found 2 plugins.
Preloading 0 native plugins for Editor in 0.00 ms.
Unloading 12 Unused Serialized files (Serialized files now loaded: 0)
System memory in use before: 68.6 MB.
System memory in use after: 68.8 MB.

Unloading 12 unused Assets to reduce memory usage. Loaded Objects now: 3154.
Total: 9.032900 ms (FindLiveObjects: 0.681500 ms CreateObjectMapping: 0.388700 ms MarkObjects: 7.891700 ms  DeleteObjects: 0.067800 ms)

========================================================================
Received Prepare
Shader 'Universal Render Pipeline/Particles/Lit': fallback shader 'Universal Render Pipeline/Particles/SimpleLit' not found
Refreshing native plugins compatible for Editor in 922.72 ms, found 2 plugins.
Preloading 0 native plugins for Editor in 0.00 ms.
Unloading 12 Unused Serialized files (Serialized files now loaded: 0)
System memory in use before: 68.6 MB.
System memory in use after: 68.8 MB.

Unloading 12 unused Assets to reduce memory usage. Loaded Objects now: 3154.
Total: 3.618200 ms (FindLiveObjects: 0.272800 ms CreateObjectMapping: 0.102800 ms MarkObjects: 3.215200 ms  DeleteObjects: 0.025600 ms)

========================================================================
Received Prepare
Registering precompiled user dll's ...
Registered in 4.220363 seconds.
Begin MonoManager ReloadAssembly
Native extension for WindowsStandalone target not found
Native extension for WebGL target not found
Refreshing native plugins compatible for Editor in 0.77 ms, found 2 plugins.
Preloading 0 native plugins for Editor in 0.00 ms.
Mono: successfully reloaded assembly
- Completed reload, in 20.029 seconds
Platform modules already initialized, skipping
Shader 'Universal Render Pipeline/Particles/Lit': fallback shader 'Universal Render Pipeline/Particles/SimpleLit' not found
Refreshing native plugins compatible for Editor in 1.40 ms, found 2 plugins.
Preloading 0 native plugins for Editor in 0.00 ms.
Unloading 2587 Unused Serialized files (Serialized files now loaded: 0)
System memory in use before: 119.4 MB.
System memory in use after: 119.6 MB.

Unloading 14 unused Assets to reduce memory usage. Loaded Objects now: 3157.
Total: 4.139800 ms (FindLiveObjects: 0.444100 ms CreateObjectMapping: 0.234600 ms MarkObjects: 3.400300 ms  DeleteObjects: 0.058900 ms)

========================================================================
Received Prepare
Registering precompiled user dll's ...
Registered in 0.043891 seconds.
Begin MonoManager ReloadAssembly
Native extension for WindowsStandalone target not found
Native extension for WebGL target not found
Refreshing native plugins compatible for Editor in 0.59 ms, found 2 plugins.
Preloading 0 native plugins for Editor in 0.00 ms.
Mono: successfully reloaded assembly
- Completed reload, in  1.498 seconds
Platform modules already initialized, skipping
Shader 'Universal Render Pipeline/Particles/Lit': fallback shader 'Universal Render Pipeline/Particles/SimpleLit' not found
Refreshing native plugins compatible for Editor in 0.56 ms, found 2 plugins.
Preloading 0 native plugins for Editor in 0.00 ms.
Unloading 2587 Unused Serialized files (Serialized files now loaded: 0)
System memory in use before: 119.4 MB.
System memory in use after: 119.6 MB.

Unloading 14 unused Assets to reduce memory usage. Loaded Objects now: 3160.
Total: 3.200400 ms (FindLiveObjects: 0.374400 ms CreateObjectMapping: 0.159600 ms MarkObjects: 2.638100 ms  DeleteObjects: 0.027000 ms)

AssetImportWorkerClient::OnTransportError - code=2 error=End of file
